\BOOKMARK [1][-]{section.1}{\376\377\000E\000x\000e\000c\000u\000t\000i\000v\000e\000\040\000S\000u\000m\000m\000a\000r\000y}{}% 1
\BOOKMARK [1][-]{section.2}{\376\377\000I\000n\000t\000r\000o\000d\000u\000c\000t\000i\000o\000n\000\040\000a\000n\000d\000\040\000B\000a\000c\000k\000g\000r\000o\000u\000n\000d}{}% 2
\BOOKMARK [1][-]{section.3}{\376\377\000E\000l\000e\000c\000t\000r\000i\000c\000\040\000C\000i\000r\000c\000u\000i\000t\000\040\000S\000c\000h\000e\000m\000a\000t\000i\000c\000s}{}% 3
\BOOKMARK [2][-]{subsection.3.1}{\376\377\000T\000r\000a\000n\000s\000m\000i\000s\000s\000i\000o\000n\000\040\000G\000a\000t\000e\000\040\000S\000c\000h\000e\000m\000a\000t\000i\000c}{section.3}% 4
\BOOKMARK [2][-]{subsection.3.2}{\376\377\000C\000M\000O\000S\000\040\000S\000c\000h\000e\000m\000a\000t\000i\000c}{section.3}% 5
\BOOKMARK [1][-]{section.4}{\376\377\000L\000T\000S\000p\000i\000c\000e\000\040\000S\000i\000m\000u\000l\000a\000t\000i\000o\000n\000\040\000f\000o\000r\000\040\000S\000c\000h\000e\000m\000a\000t\000i\000c\000s}{}% 6
\BOOKMARK [2][-]{subsection.4.1}{\376\377\000T\000r\000a\000n\000s\000m\000i\000s\000s\000i\000o\000n\000\040\000G\000a\000t\000e\000\040\000S\000c\000h\000e\000m\000a\000t\000i\000c\000\040\000L\000T\000S\000p\000i\000c\000e}{section.4}% 7
\BOOKMARK [2][-]{subsection.4.2}{\376\377\000C\000M\000O\000S\000\040\000S\000c\000h\000e\000m\000a\000t\000i\000c\000\040\000L\000T\000S\000p\000i\000c\000e}{section.4}% 8
\BOOKMARK [1][-]{section.5}{\376\377\000I\000R\000S\000I\000M\000\040\000f\000o\000r\000\040\000S\000c\000h\000e\000m\000a\000t\000i\000c}{}% 9
\BOOKMARK [2][-]{subsection.5.1}{\376\377\000T\000r\000a\000n\000s\000m\000i\000s\000s\000i\000o\000n\000\040\000G\000a\000t\000e\000\040\000S\000c\000h\000e\000m\000a\000t\000i\000c\000\040\000I\000R\000S\000I\000M}{section.5}% 10
\BOOKMARK [2][-]{subsection.5.2}{\376\377\000C\000M\000O\000S\000\040\000S\000c\000h\000e\000m\000a\000t\000i\000c\000\040\000I\000R\000S\000I\000M}{section.5}% 11
\BOOKMARK [1][-]{section.6}{\376\377\000E\000l\000e\000c\000t\000r\000i\000c\000\040\000L\000a\000y\000o\000u\000t\000s}{}% 12
\BOOKMARK [2][-]{subsection.6.1}{\376\377\000T\000r\000a\000n\000s\000m\000i\000s\000s\000i\000o\000n\000\040\000G\000a\000t\000e\000\040\000L\000a\000y\000o\000u\000t}{section.6}% 13
\BOOKMARK [2][-]{subsection.6.2}{\376\377\000C\000M\000O\000S\000\040\000L\000a\000y\000o\000u\000t}{section.6}% 14
\BOOKMARK [1][-]{section.7}{\376\377\000L\000T\000S\000p\000i\000c\000e\000\040\000S\000i\000m\000u\000l\000a\000t\000i\000o\000n\000\040\000f\000o\000r\000\040\000L\000a\000y\000o\000u\000t}{}% 15
\BOOKMARK [2][-]{subsection.7.1}{\376\377\000T\000r\000a\000n\000s\000m\000i\000s\000s\000i\000o\000n\000\040\000G\000a\000t\000e\000\040\000L\000a\000y\000o\000u\000t\000\040\000L\000T\000S\000p\000i\000c\000e}{section.7}% 16
\BOOKMARK [2][-]{subsection.7.2}{\376\377\000C\000M\000O\000S\000\040\000L\000a\000y\000o\000u\000t\000\040\000L\000T\000S\000p\000i\000c\000e}{section.7}% 17
\BOOKMARK [1][-]{section.8}{\376\377\000I\000R\000S\000I\000M\000\040\000f\000o\000r\000\040\000L\000a\000y\000o\000u\000t}{}% 18
\BOOKMARK [2][-]{subsection.8.1}{\376\377\000T\000r\000a\000n\000s\000m\000i\000s\000s\000i\000o\000n\000\040\000G\000a\000t\000e\000\040\000L\000a\000y\000o\000u\000t\000\040\000I\000R\000S\000I\000M}{section.8}% 19
\BOOKMARK [2][-]{subsection.8.2}{\376\377\000C\000M\000O\000S\000\040\000L\000a\000y\000o\000u\000t\000\040\000I\000R\000S\000I\000M}{section.8}% 20
\BOOKMARK [1][-]{section.9}{\376\377\000S\000c\000h\000e\000m\000a\000t\000i\000c\000\040\000v\000s\000\040\000L\000a\000y\000o\000u\000t\000\040\000M\000e\000a\000s\000u\000r\000e\000m\000e\000n\000t\000s}{}% 21
\BOOKMARK [2][-]{subsection.9.1}{\376\377\000T\000r\000a\000n\000s\000m\000i\000s\000s\000i\000o\000n\000\040\000G\000a\000t\000e\000\040\000S\000c\000h\000e\000m\000a\000t\000i\000c\000\040\000v\000s\000\040\000L\000a\000y\000o\000u\000t}{section.9}% 22
\BOOKMARK [2][-]{subsection.9.2}{\376\377\000C\000M\000O\000S\000\040\000S\000c\000h\000e\000m\000a\000t\000i\000c\000\040\000v\000s\000\040\000L\000a\000y\000o\000u\000t}{section.9}% 23
\BOOKMARK [1][-]{section.10}{\376\377\000T\000r\000a\000n\000s\000m\000i\000s\000s\000i\000o\000n\000\040\000G\000a\000t\000e\000\040\000v\000s\000\040\000C\000M\000O\000S\000\040\000M\000e\000a\000s\000u\000r\000e\000m\000e\000n\000t\000s}{}% 24
\BOOKMARK [1][-]{section.11}{\376\377\000C\000o\000n\000c\000l\000u\000s\000i\000o\000n}{}% 25
\BOOKMARK [1][-]{section.12}{\376\377\000R\000e\000f\000e\000r\000e\000n\000c\000e\000s}{}% 26
